2|app-3020                                                | 2026-03-04 15:24:01.930 Server Response : 7E80014005018966052503402408193F0D410D41020000417E
2|app-3020                                                | 2026-03-04 15:24:01.930 Server Response Hex : 7E80014005018966052503402408193F0D410D41020000417E
2|app-3020                                                | 2026-03-04 15:24:10.538 Device is Send Data : 7E020040D4018966052503402408193F0D4200000000000C000300D5471605FBE2A1000900460138260304152408010400046313030200001404000000001702000125040000000030011E310122EB3800060089FFFFFFFF000600FB00000000000B00D8020805000002B782B10006002D00006E28001100D5383638323931303739313735303434EC2800130110441E0000373C000067564100000000003200030111010004011213700006011900000000ED32000F011342534A2D455A2D46573A312E300015011432332031203030303233363420343037303020000801160550001457263D7E
2|app-3020                                                | 2026-03-04 15:24:10.596 Server Response : 7E80014005018966052503402408193F0D420D42020000417E
2|app-3020                                                | 2026-03-04 15:24:10.596 Server Response Hex : 7E80014005018966052503402408193F0D420D42020000417E
2|app-3020                                                | 2026-03-04 15:24:11.457 Device is Send Data : 7E00024000018966052503402408193F0D438B7E
2|app-3020                                                | 2026-03-04 15:24:11.458 Server Response : 7E80014005018966052503402408193F0D430D43000200417E
2|app-3020                                                | 2026-03-04 15:24:11.458 Server Response Hex : 7E80014005018966052503402408193F0D430D43000200417E
2|app-3020                                                | 2026-03-04 15:24:44.288 Device is Send Data : 7E0102403B018966052503402408193F0D45173330303034305F30325F4A5436303031404A54363030313836383239313037393137353034342862736A4770735F627A295B3235313232343136F37E
2|app-3020                                                | 2026-03-04 15:24:44.288 Server Response : 7E80014005018966052503402408193F0D450D45010200407E
2|app-3020                                                | 2026-03-04 15:24:44.289 Server Response Hex : 7E80014005018966052503402408193F0D450D45010200407E
2|app-3020                                                | 2026-03-04 15:24:52.443 Device is Send Data : 7E020040D4018966052503402408193F0D4600000000000C000300D5467605FBE1550007004600C4260304152450010400046314030200001404000000001702000125040000000030011C310124EB3800060089FFFFFFFF000600FB00000000000B00D8020805000002B782B10006002D00006E28001100D5383638323931303739313735303434EC2800130110441E0000373C0000677C4100000000003100030111010004011213780006011900000000ED32000F011342534A2D455A2D46573A312E30001501143233203120303030323336342034303730302000080116055000145726267E
2|app-3020                                                | 2026-03-04 15:24:53.141 Server Response : 7E80014005018966052503402408193F0D460D46020000417E
2|app-3020                                                | 2026-03-04 15:24:53.141 Server Response Hex : 7E80014005018966052503402408193F0D460D46020000417E
2|app-3020                                                | 2026-03-04 15:25:10.870 Device is Send Data : 7E070440D9018966052503402408193F0D4700010100D400000000000C000300D5472205FBE17C0009001400CE260304152438010400046314030200001404000000001702000125040000000030011E310123EB3800060089FFFFFFFF000600FB00000000000B00D8020805000002B782B10006002D00006DC4001100D5383638323931303739313735303434EC2800130110441E0000373C000067714100000000003200030111010004011213740006011900000000ED32000F011342534A2D455A2D46573A312E30001501143233203120303030323336342034303730302000080116055000145726557E
2|app-3020                                                | 2026-03-04 15:25:11.463 Device is Send Data : 7E00024000018966052503402408193F0D48807E
2|app-3020                                                | 2026-03-04 15:25:11.463 Server Response : 7E80014005018966052503402408193F0D480D48000200417E
2|app-3020                                                | 2026-03-04 15:25:11.463 Server Response Hex : 7E80014005018966052503402408193F0D480D48000200417E
2|app-3020                                                | 2026-03-04 15:25:12.168 Server Response : 7E070440D9018966052503402408193F0D4700010100D400000000000C000300D5472205FBE17C0009001400CE260304152438010400046314030200001404000000001702000125040000000030011E310123EB3800060089FFFFFFFF000600FB00000000000B00D8020805000002B782B10006002D00006DC4001100D5383638323931303739313735303434EC2800130110441E0000373C000067714100000000003200030111010004011213740006011900000000ED32000F011342534A2D455A2D46573A312E30001501143233203120303030323336342034303730302000080116055000145726557E Device send correct protocol format.
2|app-3020                                                | 2026-03-04 15:25:12.621 Server Response : 7E80014005018966052503402408193F0D470D47070400407E
2|app-3020                                                | 2026-03-04 15:25:12.621 Server Response Hex : 7E80014005018966052503402408193F0D470D47070400407E
2|app-3020                                                | 2026-03-04 15:25:22.682 Device is Send Data : 7E020040D4018966052503402408193F0D4900000000000C000300D5427A05FBDF10000600BE00D2260304152520010400046314030200001404000000001702000125040000000030011F31011FEB3800060089FFFFFFFF000600FB00000000000B00D8020805000002B782B10006002D00006DC4001100D5383638323931303739313735303434EC2800130110441E0000373C000067984100000000003700030111010004011213790006011900000000ED32000F011342534A2D455A2D46573A312E30001501143233203120303030323336342034303730302000080116055000145726F07E
2|app-3020                                                | 2026-03-04 15:25:22.914 Server Response : 7E80014005018966052503402408193F0D490D49020000417E
2|app-3020                                                | 2026-03-04 15:25:22.914 Server Response Hex : 7E80014005018966052503402408193F0D490D49020000417E
2|app-3020                                                | 2026-03-04 15:25:44.850 Device is Send Data : 7E0102403B018966052503402408193F0D4B173330303034305F30325F4A5436303031404A54363030313836383239313037393137353034342862736A4770735F627A295B3235313232343136FD7E
2|app-3020                                                | 2026-03-04 15:25:44.850 Server Response : 7E80014005018966052503402408193F0D4B0D4B010200407E
2|app-3020                                                | 2026-03-04 15:25:44.851 Server Response Hex : 7E80014005018966052503402408193F0D4B0D4B010200407E
2|app-3020                                                | 2026-03-04 15:25:47.738 Device is Send Data : 7E020040D4018966052503402408193F0D4C00000000000C000300D5402B05FBDD920005001400D3260304152545010400046316030200001404000000001702000125040000000030011F310122EB3800060089FFFFFFFF000600FB00000000000B00D8020805000002B782B10006002D00006D60001100D5383638323931303739313735303434EC2800130110441F0000379E000067AE41000000010031000301110100040112137B0006011900000000ED32000F011342534A2D455A2D46573A312E30001501143233203120303030323336342034303730302000080116055000145726E07E
2|app-3020                                                | 2026-03-04 15:25:48.317 Server Response : 7E80014005018966052503402408193F0D4C0D4C020000417E
2|app-3020                                                | 2026-03-04 15:25:48.317 Server Response Hex : 7E80014005018966052503402408193F0D4C0D4C020000417E
2|app-3020                                                | 2026-03-04 15:25:49.456 Device is Send Data : 7E070440D9018966052503402408193F0D4D00010100D400000000000C000300D5404205FBDDA80006000000EB260304152541010400046316030200001404000000001702000125040000000030011F310120EB3800060089FFFFFFFF000600FB00000000000B00D8020805000002B782B10006002D00006C34001100D5383638323931303739313735303434EC280013011044200000001F00005DBA41000000000033000301110100040112137B0006011900000000ED32000F011342534A2D455A2D46573A312E30001501143233203120303030323336342034303730302000080116055000145726B27E
2|app-3020                                                | 2026-03-04 15:25:49.657 Device is Send Data : 7E020040D4018966052503402408193F0D4E00000000000C000300D5402B05FBDD920005000000C7260304152547010400046316030200001404000000001702000125040000000030011F310122EB3800060089FFFFFFFF000600FB00000000000B00D8020805000002B782B10006002D00006DC4001100D5383638323931303739313735303434EC280013011044200000001F00005DBC4100000001003100030111010004011213800006011900000000ED32000F011342534A2D455A2D46573A312E300015011432332031203030303233363420343037303020000801160550001457261E7E
2|app-3020                                                | 2026-03-04 15:25:49.959 Server Response : 7E070440D9018966052503402408193F0D4D00010100D400000000000C000300D5404205FBDDA80006000000EB260304152541010400046316030200001404000000001702000125040000000030011F310120EB3800060089FFFFFFFF000600FB00000000000B00D8020805000002B782B10006002D00006C34001100D5383638323931303739313735303434EC280013011044200000001F00005DBA41000000000033000301110100040112137B0006011900000000ED32000F011342534A2D455A2D46573A312E30001501143233203120303030323336342034303730302000080116055000145726B27E Device send correct protocol format.
2|app-3020                                                | 2026-03-04 15:25:50.111 Server Response : 7E80014005018966052503402408193F0D4E0D4E020000417E
2|app-3020                                                | 2026-03-04 15:25:50.111 Server Response Hex : 7E80014005018966052503402408193F0D4E0D4E020000417E
2|app-3020                                                | 2026-03-04 15:25:50.359 Server Response : 7E80014005018966052503402408193F0D4D0D4D070400407E
2|app-3020                                                | 2026-03-04 15:25:50.359 Server Response Hex : 7E80014005018966052503402408193F0D4D0D4D070400407E
2|app-3020                                                | 2026-03-04 15:25:52.834 Device is Send Data : 7E020040D4018966052503402408193F0D4F00000000000C000300D5400605FBDD850005001400BB260304152550010400046316030200001404000000001702000125040000000030011F310121EB3800060089FFFFFFFF000600FB00000000000B00D8020805000002B782B10006002D00006E28001100D5383638323931303739313735303434EC2800130110441E0000379E000067B34100000000003100030111010004011213800006011900000000ED32000F011342534A2D455A2D46573A312E300015011432332031203030303233363420343037303020000801160550001457260A7E
2|app-3020                                                | 2026-03-04 15:25:52.935 Server Response : 7E80014005018966052503402408193F0D4F0D4F020000417E
2|app-3020                                                | 2026-03-04 15:25:52.935 Server Response Hex : 7E80014005018966052503402408193F0D4F0D4F020000417E
2|app-3020                                                | 2026-03-04 15:26:06.552 Device is Send Data : 7E020040D4018966052503402408193F0D5000000000000C000300D53F7A05FBDDD60005003C008E260304152604010400046316030200001404000000001702000125040000000030011F310120EB3800060089FFFFFFFF000600FB00000000000B00D8020805000002B782B10006002D00006E28001100D5383638323931303739313735303434EC2800130110441F000037AD000067BF4100000000003400030111010004011213800006011900000000ED32000F011342534A2D455A2D46573A312E30001501143233203120303030323336342034303730302000080116055000145726357E
2|app-3020                                                | 2026-03-04 15:26:08.242 Device is Send Data : 7E020040D4018966052503402408193F0D5100000000000C000300D53F7A05FBDDD600050000008E260304152606010400046316030200001404000000001702000125040000000030011F310120EB3800060089FFFFFFFF000600FB00000000000B00D8020805000002B782B10006002D00006E28001100D5383638323931303739313735303434EC280013011044200000001F00005DBE4100000000003400030111010004011213800006011900000000ED32000F011342534A2D455A2D46573A312E300015011432332031203030303233363420343037303020000801160550001457268B7E
2|app-3020                                                | 2026-03-04 15:26:10.140 Server Response : 7E80014005018966052503402408193F0D500D50020000417E
2|app-3020                                                | 2026-03-04 15:26:10.140 Server Response Hex : 7E80014005018966052503402408193F0D500D50020000417E
2|app-3020                                                | 2026-03-04 15:26:10.246 Server Response : 7E80014005018966052503402408193F0D510D51020000417E
2|app-3020                                                | 2026-03-04 15:26:10.246 Server Response Hex : 7E80014005018966052503402408193F0D510D51020000417E
2|app-3020                                                | 2026-03-04 15:26:10.458 Device is Send Data : 7E070440D9018966052503402408193F0D5200010100D400000000000C000300D5404205FBDDA80006001400D7260304152538010400046316030200001404000000001702000125040000000030011F310120EB3800060089FFFFFFFF000600FB00000000000B00D8020805000002B782B10006002D00006DC4001100D5383638323931303739313735303434EC2800130110441F0000379B000067A841000000000033000301110100040112137B0006011900000000ED32000F011342534A2D455A2D46573A312E30001501143233203120303030323336342034303730302000080116055000145726A97E
2|app-3020                                                | 2026-03-04 15:26:11.112 Server Response : 7E070440D9018966052503402408193F0D5200010100D400000000000C000300D5404205FBDDA80006001400D7260304152538010400046316030200001404000000001702000125040000000030011F310120EB3800060089FFFFFFFF000600FB00000000000B00D8020805000002B782B10006002D00006DC4001100D5383638323931303739313735303434EC2800130110441F0000379B000067A841000000000033000301110100040112137B0006011900000000ED32000F011342534A2D455A2D46573A312E30001501143233203120303030323336342034303730302000080116055000145726A97E Device send correct protocol format.
2|app-3020                                                | 2026-03-04 15:26:11.403 Device is Send Data : 7E00024000018966052503402408193F0D539B7E
2|app-3020                                                | 2026-03-04 15:26:11.403 Server Response : 7E80014005018966052503402408193F0D530D53000200417E
2|app-3020                                                | 2026-03-04 15:26:11.403 Server Response Hex : 7E80014005018966052503402408193F0D530D53000200417E
2|app-3020                                                | 2026-03-04 15:26:11.905 Server Response : 7E80014005018966052503402408193F0D520D52070400407E
2|app-3020                                                | 2026-03-04 15:26:11.905 Server Response Hex : 7E80014005018966052503402408193F0D520D52070400407E
2|app-3020                                                | 2026-03-04 15:26:12.627 Device is Send Data : 7E020040D4018966052503402408193F0D5400000000000C000300D53F0405FBDE340005006E008F260304152610010400046316030200001404000000001702000125040000000030011F310120EB3800060089FFFFFFFF000600FB00000000000B00D8020805000002B782B10006002D00006E28001100D5383638323931303739313735303434EC2800130110441E000037AD000067C54100000001003500030111010004011213820006011900000000ED32000F011342534A2D455A2D46573A312E30001501143233203120303030323336342034303730302000080116055000145726907E
2|app-3020                                                | 2026-03-04 15:26:12.875 Server Response : 7E80014005018966052503402408193F0D540D54020000417E
2|app-3020                                                | 2026-03-04 15:26:12.875 Server Response Hex : 7E80014005018966052503402408193F0D540D54020000417E
2|app-3020                                                | 2026-03-04 15:26:42.280 Device is Send Data : 7E00024000018966052503402408193F0D559D7E
2|app-3020                                                | 2026-03-04 15:26:42.280 Server Response : 7E80014005018966052503402408193F0D550D55000200417E
2|app-3020                                                | 2026-03-04 15:26:42.280 Server Response Hex : 7E80014005018966052503402408193F0D550D55000200417E
2|app-3020                                                | 2026-03-04 15:26:42.583 Device is Send Data : 7E020040D4018966052503402408193F0D5600000000000C000300D53A5005FBE1B9000401040091260304152640010400046318030200001404000000001702000125040000000030011F310120EB3800060089FFFFFFFF000600FB00000000000B00D8020805000002B782B10006002D00006E28001100D5383638323931303739313735303434EC2800130110441E000037AD000067E04100000000003800030111010004011213830006011900000000ED32000F011342534A2D455A2D46573A312E30001501143233203120303030323336342034303730302000080116055000145726737E
2|app-3020                                                | 2026-03-04 15:26:43.274 Server Response : 7E80014005018966052503402408193F0D560D56020000417E
2|app-3020                                                | 2026-03-04 15:26:43.274 Server Response Hex : 7E80014005018966052503402408193F0D560D56020000417E
2|app-3020                                                | 2026-03-04 15:27:11.581 Device is Send Data : 7E00024000018966052503402408193F0D579F7E
2|app-3020                                                | 2026-03-04 15:27:11.581 Server Response : 7E80014005018966052503402408193F0D570D57000200417E
2|app-3020                                                | 2026-03-04 15:27:11.581 Server Response Hex : 7E80014005018966052503402408193F0D570D57000200417E
2|app-3020                                                | 2026-03-04 15:27:12.639 Device is Send Data : 7E020040D4018966052503402408193F0D5800000000000C000300D532C805FBE7510003015E0090260304152710010400046318030200001404000000001702000125040000000030011F31011FEB3800060089FFFFFFFF000600FB00000000000B00D80208050000004678790006002D00006E28001100D5383638323931303739313735303434EC2800130110441E000037AD000067FB4100000000003900030111010004011213850006011900000000ED32000F011342534A2D455A2D46573A312E30001501143233203120303030323336342034303730302000080116055000145726EC7E
2|app-3020                                                | 2026-03-04 15:27:14.630 Server Response : 7E80014005018966052503402408193F0D580D58020000417E
2|app-3020                                                | 2026-03-04 15:27:14.630 Server Response Hex : 7E80014005018966052503402408193F0D580D58020000417E
2|app-3020                                                | 2026-03-04 15:27:42.335 Device is Send Data : 7E0102403B018966052503402408193F0D59173330303034305F30325F4A5436303031404A54363030313836383239313037393137353034342862736A4770735F627A295B3235313232343136EF7E
2|app-3020                                                | 2026-03-04 15:27:42.335 Server Response : 7E80014005018966052503402408193F0D590D59010200407E
2|app-3020                                                | 2026-03-04 15:27:42.335 Server Response Hex : 7E80014005018966052503402408193F0D590D59010200407E
2|app-3020                                                | 2026-03-04 15:27:42.402 Device is Send Data : 7E020040D4018966052503402408193F0D5A00000000000C000300D529ED05FBEDD900000186008F26030415274101040004631D030200001404000000001702000125040000000030011F310123EB3800060089FFFFFFFF000600FB00000000000B00D8020805000002B782AF0006002D00006E28001100D5383638323931303739313735303434EC2800130110441E000037AD000068174100000000003100030111010004011213880006011900000000ED32000F011342534A2D455A2D46573A312E30001501143233203120303030323336342034303730302000080116055000145726C77E
2|app-3020                                                | 2026-03-04 15:27:42.728 Server Response : 7E80014005018966052503402408193F0D5A0D5A020000417E
2|app-3020                                                | 2026-03-04 15:27:42.728 Server Response Hex : 7E80014005018966052503402408193F0D5A0D5A020000417E
2|app-3020                                                | 2026-03-04 15:27:42.849 Device is Send Data : 7E00024000018966052503402408193F0D5B937E
2|app-3020                                                | 2026-03-04 15:27:42.849 Server Response : 7E80014005018966052503402408193F0D5B0D5B000200417E
2|app-3020                                                | 2026-03-04 15:27:42.849 Server Response Hex : 7E80014005018966052503402408193F0D5B0D5B000200417E
2|app-3020                                                | 2026-03-04 15:28:12.664 Device is Send Data : 7E020040D4018966052503402408193F0D5C00000000000C000300D520E605FBF4820000015E009026030415281101040004631D030200001404000000001702000125040000000030011D310120EB3800060089FFFFFFFF000600FB00000000000B00D8020805000002BEC6AE0006002D00006E28001100D5383638323931303739313735303434EC2800130110441E000037AD0000683241000000000038000301110100040112138A0006011900000000ED32000F011342534A2D455A2D46573A312E300015011432332031203030303233363420343037303020000801160550001457267A7E
2|app-3020                                                | 2026-03-04 15:28:12.774 Device is Send Data : 7E00024000018966052503402408193F0D5D957E
2|app-3020                                                | 2026-03-04 15:28:12.774 Server Response : 7E80014005018966052503402408193F0D5D0D5D000200417E
2|app-3020                                                | 2026-03-04 15:28:12.774 Server Response Hex : 7E80014005018966052503402408193F0D5D0D5D000200417E
2|app-3020                                                | 2026-03-04 15:28:16.280 Server Response : 7E80014005018966052503402408193F0D5C0D5C020000417E
2|app-3020                                                | 2026-03-04 15:28:16.280 Server Response Hex : 7E80014005018966052503402408193F0D5C0D5C020000417E
2|app-3020                                                | 2026-03-04 15:28:21.926 Device is Send Data : 7E020040D4018966052503402408193F0D5E00000000000C400300D51E4E05FBF66D0000015E008F26030415282001040004631D030200001404000000001702000125040000000430011D310123EB3800060089FFFFFFFF000600FB00000000000B00D8020805000002BEC6AE0006002D00006E8C001100D5383638323931303739313735303434EC2800130110440A000000000000000041000000000033000301110100040112138C0006011900000001ED32000F011342534A2D455A2D46573A312E30001501143233203120303030323336342034303730302000080116055000145726167E
2|app-3020                                                | 2026-03-04 15:28:22.918 Device is Send Data : 7E020040D4018966052503402408193F0D5F00000000000C000300D51E0505FBF6A30000015E008F26030415282101040004631D030200001404000000001702000125040000000030011D310122EB3800060089FFFFFFFF000600FB00000000000B00D8020805000002BEC6AE0006002D00006E8C001100D5383638323931303739313735303434EC2800130110440B000000000000000041000000000033000301110100040112138C0006011900000000ED32000F011342534A2D455A2D46573A312E30001501143233203120303030323336342034303730302000080116055000145726D67E
2|app-3020                                                | 2026-03-04 15:28:26.504 Server Response : 7E80014005018966052503402408193F0D5E0D5E020000417E
2|app-3020                                                | 2026-03-04 15:28:26.504 Server Response Hex : 7E80014005018966052503402408193F0D5E0D5E020000417E
2|app-3020                                                | 2026-03-04 15:28:26.522 Server Response : 7E80014005018966052503402408193F0D5F0D5F020000417E
2|app-3020                                                | 2026-03-04 15:28:26.522 Server Response Hex : 7E80014005018966052503402408193F0D5F0D5F020000417E
2|app-3020                                                | 2026-03-04 15:28:46.224 Device is Send Data : 7E0102403B018966052503402408193F0D60173330303034305F30325F4A5436303031404A54363030313836383239313037393137353034342862736A4770735F627A295B3235313232343136D67E
2|app-3020                                                | 2026-03-04 15:28:46.224 Server Response : 7E80014005018966052503402408193F0D600D60010200407E
2|app-3020                                                | 2026-03-04 15:28:46.224 Server Response Hex : 7E80014005018966052503402408193F0D600D60010200407E
2|app-3020                                                | 2026-03-04 15:28:46.518 Device is Send Data : 7E020040D4018966052503402408193F0D6100000000000C000300D5181005FBFAD6FFFF00AA00A1260304152844010400046323030200001404000000001702000125040000000030011F31011FEB3800060089FFFFFFFF000600FB00000000000B00D80208050000006BBC290006002D00006DC4001100D5383638323931303739313735303434EC2800130110441E000037AD0000685141000000000040000301110100040112138E0006011900000000ED32000F011342534A2D455A2D46573A312E300015011432332031203030303233363420343037303020000801160550001457269B7E
2|app-3020                                                | 2026-03-04 15:28:46.938 Server Response : 7E80014005018966052503402408193F0D610D61020000417E
2|app-3020                                                | 2026-03-04 15:28:46.938 Server Response Hex : 7E80014005018966052503402408193F0D610D61020000417E
2|app-3020                                                | 2026-03-04 15:28:48.682 Device is Send Data : 7E020040D4018966052503402408193F0D6200000000000C000300D517B905FBFAE3FFFF00AA00B3260304152846010400046323030200001404000000001702000125040000000030011F310120EB3800060089FFFFFFFF000600FB00000000000B00D80208050000006BBC290006002D00006DC4001100D5383638323931303739313735303434EC2800130110441E000037AD000068534100000000003E000301110100040112138E0006011900000000ED32000F011342534A2D455A2D46573A312E30001501143233203120303030323336342034303730302000080116055000145726587E
2|app-3020                                                | 2026-03-04 15:28:49.247 Server Response : 7E80014005018966052503402408193F0D620D62020000417E
2|app-3020                                                | 2026-03-04 15:28:49.247 Server Response Hex : 7E80014005018966052503402408193F0D620D62020000417E
2|app-3020                                                | 2026-03-04 15:28:50.739 Device is Send Data : 7E020040D4018966052503402408193F0D6300000000000C000300D5176405FBFAD7000000AA00C4260304152848010400046323030200001404000000001702000125040000000030011F31011EEB3800060089FFFFFFFF000600FB00000000000B00D80208050000006BBC290006002D00006DC4001100D5383638323931303739313735303434EC2800130110441E000037AD0000685441000000000036000301110100040112138E0006011900000000ED32000F011342534A2D455A2D46573A312E30001501143233203120303030323336342034303730302000080116055000145726F87E
2|app-3020                                                | 2026-03-04 15:28:52.784 Device is Send Data : 7E020040D4018966052503402408193F0D6400000000000C000300D5171905FBFAB60000009600D7260304152850010400046323030200001404000000001702000125040000000030011F31011FEB3800060089FFFFFFFF000600FB00000000000B00D80208050000006BBC290006002D00006CFC001100D5383638323931303739313735303434EC2800130110441E000037AD0000685641000000000034000301110100040112138E0006011900000000ED32000F011342534A2D455A2D46573A312E30001501143233203120303030323336342034303730302000080116055000145726EC7E
2|app-3020                                                | 2026-03-04 15:28:52.908 Server Response : 7E80014005018966052503402408193F0D630D63020000417E
2|app-3020                                                | 2026-03-04 15:28:52.908 Server Response Hex : 7E80014005018966052503402408193F0D630D63020000417E
2|app-3020                                                | 2026-03-04 15:28:53.876 Server Response : 7E80014005018966052503402408193F0D640D64020000417E
2|app-3020                                                | 2026-03-04 15:28:53.876 Server Response Hex : 7E80014005018966052503402408193F0D640D64020000417E
2|app-3020                                                | 2026-03-04 15:28:56.442 Device is Send Data : 7E020040D4018966052503402408193F0D6500000000000C000300D516C305FBFA3B0000009600F1260304152854010400046323030200001404000000001702000125040000000030011F310120EB3800060089FFFFFFFF000600FB00000000000B00D80208050000006BBC290006002D00006DC4001100D5383638323931303739313735303434EC2800130110441E000037AD0000685A41000000000034000301110100040112138E0006011900000000ED32000F011342534A2D455A2D46573A312E30001501143233203120303030323336342034303730302000080116055000145726937E
2|app-3020                                                | 2026-03-04 15:28:58.206 Server Response : 7E80014005018966052503402408193F0D650D65020000417E
2|app-3020                                                | 2026-03-04 15:28:58.206 Server Response Hex : 7E80014005018966052503402408193F0D650D65020000417E
2|app-3020                                                | 2026-03-04 15:28:58.632 Device is Send Data : 7E020040D4018966052503402408193F0D6600000000000C000300D516B705FBF9F6000000960106260304152856010400046323030200001404000000001702000125040000000030011F310120EB3800060089FFFFFFFF000600FB00000000000B00D80208050000006BBC290006002D00006DC4001100D5383638323931303739313735303434EC2800130110441E000037AD0000685C41000000000034000301110100040112138E0006011900000000ED32000F011342534A2D455A2D46573A312E30001501143233203120303030323336342034303730302000080116055000145726D87E
2|app-3020                                                | 2026-03-04 15:28:59.094 Server Response : 7E80014005018966052503402408193F0D660D66020000417E
2|app-3020                                                | 2026-03-04 15:28:59.094 Server Response Hex : 7E80014005018966052503402408193F0D660D66020000417E
2|app-3020                                                | 2026-03-04 15:29:00.368 Device is Send Data : 7E020040D4018966052503402408193F0D6700000000000C000300D516B505FBF9A600000096011E260304152858010400046323030200001404000000001702000125040000000030011F310123EB3800060089FFFFFFFF000600FB00000000000B00D80208050000006BBC290006002D00006E28001100D5383638323931303739313735303434EC2800130110441E000037AD0000685D41000000000030000301110100040112138E0006011900000000ED32000F011342534A2D455A2D46573A312E30001501143233203120303030323336342034303730302000080116055000145726747E
2|app-3020                                                | 2026-03-04 15:29:00.649 Server Response : 7E80014005018966052503402408193F0D670D67020000417E
2|app-3020                                                | 2026-03-04 15:29:00.649 Server Response Hex : 7E80014005018966052503402408193F0D670D67020000417E
2|app-3020                                                | 2026-03-04 15:29:02.496 Device is Send Data : 7E020040D4018966052503402408193F0D6800000000000C000300D516E405FBF951000000AA0131260304152900010400046323030200001404000000001702000125040000000030011F310123EB3800060089FFFFFFFF000600FB00000000000B00D80208050000006BBC290006002D00006E28001100D5383638323931303739313735303434EC2800130110441E000037AD0000685F41000000000030000301110100040112138D0006011900000000ED32000F011342534A2D455A2D46573A312E30001501143233203120303030323336342034303730302000080116055000145726967E
2|app-3020                                                | 2026-03-04 15:29:04.105 Server Response : 7E80014005018966052503402408193F0D680D68020000417E
2|app-3020                                                | 2026-03-04 15:29:04.105 Server Response Hex : 7E80014005018966052503402408193F0D680D68020000417E
2|app-3020                                                | 2026-03-04 15:29:04.910 Device is Send Data : 7E020040D4018966052503402408193F0D6900000000000C000300D5173205FBF91C000000AA0141260304152902010400046323030200001404000000001702000125040000000030011F310124EB3800060089FFFFFFFF000600FB00000000000B00D80208050000006BBC290006002D00006E28001100D5383638323931303739313735303434EC2800130110441E000037AD000068614100000000002E000301110100040112138D0006011900000000ED32000F011342534A2D455A2D46573A312E30001501143233203120303030323336342034303730302000080116055000145726587E
2|app-3020                                                | 2026-03-04 15:29:12.440 Server Response : 7E80014005018966052503402408193F0D690D69020000417E
2|app-3020                                                | 2026-03-04 15:29:12.440 Server Response Hex : 7E80014005018966052503402408193F0D690D69020000417E
2|app-3020                                                | 2026-03-04 15:29:13.858 Device is Send Data : 7E00024000018966052503402408193F0D6AA27E
2|app-3020                                                | 2026-03-04 15:29:13.858 Server Response : 7E80014005018966052503402408193F0D6A0D6A000200417E
2|app-3020                                                | 2026-03-04 15:29:13.858 Server Response Hex : 7E80014005018966052503402408193F0D6A0D6A000200417E
2|app-3020                                                | 2026-03-04 15:29:34.534 Device is Send Data : 7E020040D4018966052503402408193F0D6B00000000000C000300D51CF705FBF4BE000101040144260304152933010400046323030200001404000000001702000125040000000030011F310123EB3800060089FFFFFFFF000600FB00000000000B00D80208050000006BBC290006002D00006E8C001100D5383638323931303739313735303434EC2800130110441E000037AD0000687C4100000000002E000301110100040112138E0006011900000000ED32000F011342534A2D455A2D46573A312E300015011432332031203030303233363420343037303020000801160550001457261C7E
2|app-3020                                                | 2026-03-04 15:29:37.288 Server Response : 7E80014005018966052503402408193F0D6B0D6B020000417E
2|app-3020                                                | 2026-03-04 15:29:37.288 Server Response Hex : 7E80014005018966052503402408193F0D6B0D6B020000417E
2|app-3020                                                | 2026-03-04 15:29:42.706 Device is Send Data : 7E00024000018966052503402408193F0D6CA47E
2|app-3020                                                | 2026-03-04 15:29:42.706 Server Response : 7E80014005018966052503402408193F0D6C0D6C000200417E
2|app-3020                                                | 2026-03-04 15:29:42.706 Server Response Hex : 7E80014005018966052503402408193F0D6C0D6C000200417E
2|app-3020                                                | 2026-03-04 15:30:04.826 Device is Send Data : 7E020040D4018966052503402408193F0D6D00000000000C000300D522F905FBF06D000100F00144260304153003010400046327030200001404000000001702000125040000000030011F310124EB3800060089FFFFFFFF000600FB00000000000B00D80208050000006BBC280006002D00006E8C001100D5383638323931303739313735303434EC2800130110441E000037AD000068984100000000002C00030111010004011213900006011900000000ED32000F011342534A2D455A2D46573A312E30001501143233203120303030323336342034303730302000080116055000145726DB7E
2|app-3020                                                | 2026-03-04 15:30:05.298 Server Response : 7E80014005018966052503402408193F0D6D0D6D020000417E
2|app-3020                                                | 2026-03-04 15:30:05.298 Server Response Hex : 7E80014005018966052503402408193F0D6D0D6D020000417E
2|app-3020                                                | 2026-03-04 15:30:33.140 Device is Send Data : 7E0102403B018966052503402408193F0D6E173330303034305F30325F4A5436303031404A54363030313836383239313037393137353034342862736A4770735F627A295B3235313232343136D87E
2|app-3020                                                | 2026-03-04 15:30:33.140 Server Response : 7E80014005018966052503402408193F0D6E0D6E010200407E
2|app-3020                                                | 2026-03-04 15:30:33.140 Server Response Hex : 7E80014005018966052503402408193F0D6E0D6E010200407E
2|app-3020                                                | 2026-03-04 15:30:33.803 Device is Send Data : 7E00024000018966052503402408193F0D6FA77E
2|app-3020                                                | 2026-03-04 15:30:33.803 Server Response : 7E80014005018966052503402408193F0D6F0D6F000200417E
2|app-3020                                                | 2026-03-04 15:30:33.803 Server Response Hex : 7E80014005018966052503402408193F0D6F0D6F000200417E
2|app-3020                                                | 2026-03-04 15:30:35.186 Device is Send Data : 7E020040D4018966052503402408193F0D7000000000000C000300D5256705FBEE95000200000000260304153033010400046327030200001404000000001702000125040000000030011F310122EB3800060089FFFFFFFF000600FB00000000000B00D80208050000006BBC280006002D00006E28001100D5383638323931303739313735303434EC280013011044320000001F00005DC74100000001002F00030111010004011213950006011900000000ED32000F011342534A2D455A2D46573A312E30001501143233203120303030323336342034303730302000080116055000145726597E
2|app-3020                                                | 2026-03-04 15:30:39.154 Server Response : 7E80014005018966052503402408193F0D700D70020000417E
2|app-3020                                                | 2026-03-04 15:30:39.154 Server Response Hex : 7E80014005018966052503402408193F0D700D70020000417E
2|app-3020                                                | 2026-03-04 15:30:41.481 Device is Send Data : 7E070440D9018966052503402408193F0D7100010100D400000000000C000300D5256705FBEE95000200140143260304153022010400046327030200001404000000001702000125040000000030011F310123EB3800060089FFFFFFFF000600FB00000000000B00D80208050000006BBC280006002D00006DC4001100D5383638323931303739313735303434EC2800130110441F00003896000068AA4100000000002E00030111010004011213920006011900000000ED32000F011342534A2D455A2D46573A312E30001501143233203120303030323336342034303730302000080116055000145726EA7E
2|app-3020                                                | 2026-03-04 15:30:42.634 Server Response : 7E070440D9018966052503402408193F0D7100010100D400000000000C000300D5256705FBEE95000200140143260304153022010400046327030200001404000000001702000125040000000030011F310123EB3800060089FFFFFFFF000600FB00000000000B00D80208050000006BBC280006002D00006DC4001100D5383638323931303739313735303434EC2800130110441F00003896000068AA4100000000002E00030111010004011213920006011900000000ED32000F011342534A2D455A2D46573A312E30001501143233203120303030323336342034303730302000080116055000145726EA7E Device send correct protocol format.
2|app-3020                                                | 2026-03-04 15:30:44.238 Server Response : 7E80014005018966052503402408193F0D710D71070400407E
2|app-3020                                                | 2026-03-04 15:30:44.238 Server Response Hex : 7E80014005018966052503402408193F0D710D71070400407E
2|app-3020                                                | 2026-03-04 15:31:04.299 Device is Send Data : 7E00024000018966052503402408193F0D72BA7E
2|app-3020                                                | 2026-03-04 15:31:04.299 Server Response : 7E80014005018966052503402408193F0D720D72000200417E
2|app-3020                                                | 2026-03-04 15:31:04.299 Server Response Hex : 7E80014005018966052503402408193F0D720D72000200417E
2|app-3020                                                | 2026-03-04 15:31:04.578 Device is Send Data : 7E020040D4018966052503402408193F0D7300000000000C000300D5256705FBEE95000200000000260304153103010400046329030200001404000000001702000125040000000030011F310122EB3800060089FFFFFFFF000600FB00000000000B00D80208050000006BBC280006002D00006DC4001100D5383638323931303739313735303434EC280013011044320000001F00005DE24100000000002F00030111010004011213970006011900000000ED32000F011342534A2D455A2D46573A312E30001501143233203120303030323336342034303730302000080116055000145726AC7E
2|app-3020                                                | 2026-03-04 15:31:07.344 Server Response : 7E80014005018966052503402408193F0D730D73020000417E
2|app-3020                                                | 2026-03-04 15:31:07.344 Server Response Hex : 7E80014005018966052503402408193F0D730D73020000417E
2|app-3020                                                | 2026-03-04 15:31:33.698 Device is Send Data : 7E00024000018966052503402408193F0D74BC7E
2|app-3020                                                | 2026-03-04 15:31:33.698 Server Response : 7E80014005018966052503402408193F0D740D74000200417E
2|app-3020                                                | 2026-03-04 15:31:33.698 Server Response Hex : 7E80014005018966052503402408193F0D740D74000200417E
2|app-3020                                                | 2026-03-04 15:31:35.056 Device is Send Data : 7E020040D4018966052503402408193F0D7500000000000C000300D5256705FBEE95000200000000260304153133010400046329030200001404000000001702000125040000000030011F310124EB3800060089FFFFFFFF000600FB00000000000B00D80208050000006BBC280006002D00006E28001100D5383638323931303739313735303434EC280013011044320000001F00005DFD4100000000002D000301110100040112139B0006011900000000ED32000F011342534A2D455A2D46573A312E30001501143233203120303030323336342034303730302000080116055000145726627E
2|app-3020                                                | 2026-03-04 15:31:36.069 Server Response : 7E80014005018966052503402408193F0D750D75020000417E
2|app-3020                                                | 2026-03-04 15:31:36.069 Server Response Hex : 7E80014005018966052503402408193F0D750D75020000417E
2|app-3020                                                | 2026-03-04 15:31:54.350 Device is Send Data : 7E0102403B018966052503402408193F0D76173330303034305F30325F4A5436303031404A54363030313836383239313037393137353034342862736A4770735F627A295B3235313232343136C07E
2|app-3020                                                | 2026-03-04 15:31:54.350 Server Response : 7E80014005018966052503402408193F0D760D76010200407E
2|app-3020                                                | 2026-03-04 15:31:54.350 Server Response Hex : 7E80014005018966052503402408193F0D760D76010200407E
2|app-3020                                                | 2026-03-04 15:32:03.617 Device is Send Data : 7E00024000018966052503402408193F0D77BF7E
2|app-3020                                                | 2026-03-04 15:32:03.617 Server Response : 7E80014005018966052503402408193F0D770D77000200417E
2|app-3020                                                | 2026-03-04 15:32:03.617 Server Response Hex : 7E80014005018966052503402408193F0D770D77000200417E
2|app-3020                                                | 2026-03-04 15:32:04.653 Device is Send Data : 7E020040D4018966052503402408193F0D7800000000000C000300D5256705FBEE95000200000000260304153203010400046329030200001404000000001702000125040000000030011F310123EB3800060089FFFFFFFF000600FB00000000000B00D80208050000006BBC280006002D00006E28001100D5383638323931303739313735303434EC280013011044320000001F00005E194100000000002D000301110100040112139E0006011900000000ED32000F011342534A2D455A2D46573A312E30001501143233203120303030323336342034303730302000080116055000145726B97E
2|app-3020                                                | 2026-03-04 15:32:08.549 Server Response : 7E80014005018966052503402408193F0D780D78020000417E
2|app-3020                                                | 2026-03-04 15:32:08.550 Server Response Hex : 7E80014005018966052503402408193F0D780D78020000417E
2|app-3020                                                | 2026-03-04 15:32:35.083 Device is Send Data : 7E020040D4018966052503402408193F0D7900000000000C000300D5256705FBEE95000200000000260304153233010400046329030200001404000000001702000125040000000030011F310120EB3800060089FFFFFFFF000600FB00000000000B00D80208050000006BBC280006002D00006E28001100D5383638323931303739313735303434EC280013011044320000001F00005E344100000000002F00030111010004011213A10006011900000000ED32000F011342534A2D455A2D46573A312E300015011432332031203030303233363420343037303020000801160550001457269B7E
2|app-3020                                                | 2026-03-04 15:32:35.917 Device is Send Data : 7E0102403B018966052503402408193F0D7A173330303034305F30325F4A5436303031404A54363030313836383239313037393137353034342862736A4770735F627A295B3235313232343136CC7E
2|app-3020                                                | 2026-03-04 15:32:35.917 Server Response : 7E80014005018966052503402408193F0D7A0D7A010200407E
2|app-3020                                                | 2026-03-04 15:32:35.918 Server Response Hex : 7E80014005018966052503402408193F0D7A0D7A010200407E
2|app-3020                                                | 2026-03-04 15:32:35.942 Server Response : 7E80014005018966052503402408193F0D790D79020000417E
2|app-3020                                                | 2026-03-04 15:32:35.943 Server Response Hex : 7E80014005018966052503402408193F0D790D79020000417E
2|app-3020                                                | 2026-03-04 15:32:36.303 Device is Send Data : 7E00024000018966052503402408193F0D7BB37E
2|app-3020                                                | 2026-03-04 15:32:36.303 Server Response : 7E80014005018966052503402408193F0D7B0D7B000200417E
2|app-3020                                                | 2026-03-04 15:32:36.303 Server Response Hex : 7E80014005018966052503402408193F0D7B0D7B000200417E
2|app-3020                                                | 2026-03-04 15:33:08.074 Device is Send Data : 7E0102403B018966052503402408193F0D7C173330303034305F30325F4A5436303031404A54363030313836383239313037393137353034342862736A4770735F627A295B3235313232343136CA7E
2|app-3020                                                | 2026-03-04 15:33:08.074 Server Response : 7E80014005018966052503402408193F0D7C0D7C010200407E
2|app-3020                                                | 2026-03-04 15:33:08.074 Server Response Hex : 7E80014005018966052503402408193F0D7C0D7C010200407E
2|app-3020                                                | 2026-03-04 15:33:09.749 Device is Send Data : 7E00024000018966052503402408193F0D7D01B57E
2|app-3020                                                | 2026-03-04 15:33:09.749 Server Response : 7E80014005018966052503402408193F0D7D0D7D000200417E
2|app-3020                                                | 2026-03-04 15:33:09.749 Server Response Hex : 7E80014005018966052503402408193F0D7D0D7D000200417E
2|app-3020                                                | 2026-03-04 15:33:35.487 Device is Send Data : 7E020040D4018966052503402408193F0D7D0200000000000C000300D5256705FBEE95000200000000260304153333010400046329030200001404000000001702000125040000000030011F310125EB3800060089FFFFFFFF000600FB00000000000B00D80208050000006BBC280006002D00006E28001100D5383638323931303739313735303434EC280013011044320000001F00005E6A4100000001002B00030111010004011213A70006011900000000ED32000F011342534A2D455A2D46573A312E30001501143233203120303030323336342034303730302000080116055000145726C57E
2|app-3020                                                | 2026-03-04 15:33:39.136 Server Response : 7E80014005018966052503402408193F0D7E0D7E020000417E
2|app-3020                                                | 2026-03-04 15:33:39.136 Server Response Hex : 7E80014005018966052503402408193F0D7E0D7E020000417E
2|app-3020                                                | 2026-03-04 15:33:39.857 Device is Send Data : 7E00024000018966052503402408193F0D7FB77E
2|app-3020                                                | 2026-03-04 15:33:39.857 Server Response : 7E80014005018966052503402408193F0D7F0D7F000200417E
2|app-3020                                                | 2026-03-04 15:33:39.857 Server Response Hex : 7E80014005018966052503402408193F0D7F0D7F000200417E
2|app-3020                                                | 2026-03-04 15:34:04.856 Device is Send Data : 7E020040D4018966052503402408193F0D8000000000000C000300D5256705FBEE95000200000000260304153403010400046329030200001404000000001702000125040000000030011F310125EB3800060089FFFFFFFF000600FB00000000000B00D80208050000006BBC280006002D00006DC4001100D5383638323931303739313735303434EC280013011044320000001F00005E864100000001002B00030111010004011213AB0006011900000000ED32000F011342534A2D455A2D46573A312E30001501143233203120303030323336342034303730302000080116055000145726037E
2|app-3020                                                | 2026-03-04 15:34:05.007 Server Response : 7E80014005018966052503402408193F0D800D80020000417E
2|app-3020                                                | 2026-03-04 15:34:05.008 Server Response Hex : 7E80014005018966052503402408193F0D800D80020000417E
2|app-3020                                                | 2026-03-04 15:34:05.493 Device is Send Data : 7E070441AF018966052503402408193F0D8100020100D400000000000C000300D5256705FBEE95000200000000260304153303010400046329030200001404000000001702000125040000000030011F310123EB3800060089FFFFFFFF000600FB00000000000B00D80208050000006BBC280006002D00006E28001100D5383638323931303739313735303434EC280013011044320000001F00005E4F4100000000002D00030111010004011213A50006011900000000ED32000F011342534A2D455A2D46573A312E3000150114323320312030303032333634203430373030200008011605500014572600D400000000000C000300D5256705FBEE95000200000000260304153333010400046329030200001404000000001702000125040000000030011F310125EB3800060089FFFFFFFF000600FB00000000000B00D80208050000006BBC280006002D00006E28001100D5383638323931303739313735303434EC280013011044320000001F00005E6A4100000001002B00030111010004011213A70006011900000000ED32000F011342534A2D455A2D46573A312E30001501143233203120303030323336342034303730302000080116055000145726F37E
2|app-3020                                                | 2026-03-04 15:34:05.619 Server Response : 7E070441AF018966052503402408193F0D8100020100D400000000000C000300D5256705FBEE95000200000000260304153303010400046329030200001404000000001702000125040000000030011F310123EB3800060089FFFFFFFF000600FB00000000000B00D80208050000006BBC280006002D00006E28001100D5383638323931303739313735303434EC280013011044320000001F00005E4F4100000000002D00030111010004011213A50006011900000000ED32000F011342534A2D455A2D46573A312E3000150114323320312030303032333634203430373030200008011605500014572600D400000000000C000300D5256705FBEE95000200000000260304153333010400046329030200001404000000001702000125040000000030011F310125EB3800060089FFFFFFFF000600FB00000000000B00D80208050000006BBC280006002D00006E28001100D5383638323931303739313735303434EC280013011044320000001F00005E6A4100000001002B00030111010004011213A70006011900000000ED32000F011342534A2D455A2D46573A312E30001501143233203120303030323336342034303730302000080116055000145726F37E Device send correct protocol format.
2|app-3020                                                | 2026-03-04 15:34:05.638 Server Response : 7E80014005018966052503402408193F0D810D81070400407E
2|app-3020                                                | 2026-03-04 15:34:05.638 Server Response Hex : 7E80014005018966052503402408193F0D810D81070400407E
2|app-3020                                                | 2026-03-04 15:34:09.713 Device is Send Data : 7E00024000018966052503402408193F0D824A7E
2|app-3020                                                | 2026-03-04 15:34:09.713 Server Response : 7E80014005018966052503402408193F0D820D82000200417E
2|app-3020                                                | 2026-03-04 15:34:09.713 Server Response Hex : 7E80014005018966052503402408193F0D820D82000200417E
2|app-3020                                                | 2026-03-04 15:34:16.950 Device is Send Data : 7E0102403B018966052503402408193F0D83173330303034305F30325F4A5436303031404A54363030313836383239313037393137353034342862736A4770735F627A295B3235313232343136357E
2|app-3020                                                | 2026-03-04 15:34:16.950 Server Response : 7E80014005018966052503402408193F0D830D83010200407E
2|app-3020                                                | 2026-03-04 15:34:16.950 Server Response Hex : 7E80014005018966052503402408193F0D830D83010200407E
2|app-3020                                                | 2026-03-04 15:34:35.111 Device is Send Data : 7E020040D4018966052503402408193F0D8400000000000C000300D5256705FBEE95000200000000260304153433010400046329030200001404000000001702000125040000000030011F31011DEB3800060089FFFFFFFF000600FB00000000000B00D80208050000006BBC280006002D00006E28001100D5383638323931303739313735303434EC280013011044320000001F00005EA14100000000003000030111010004011213AD0006011900000000ED32000F011342534A2D455A2D46573A312E30001501143233203120303030323336342034303730302000080116055000145726DB7E
2|app-3020                                                | 2026-03-04 15:34:38.152 Server Response : 7E80014005018966052503402408193F0D840D84020000417E
2|app-3020                                                | 2026-03-04 15:34:38.152 Server Response Hex : 7E80014005018966052503402408193F0D840D84020000417E
2|app-3020                                                | 2026-03-04 15:34:39.952 Device is Send Data : 7E00024000018966052503402408193F0D854D7E
2|app-3020                                                | 2026-03-04 15:34:39.952 Server Response : 7E80014005018966052503402408193F0D850D85000200417E
2|app-3020                                                | 2026-03-04 15:34:39.952 Server Response Hex : 7E80014005018966052503402408193F0D850D85000200417E