3|app-3021                                                | 2026-03-04 14:27:14.133 Server Response : 7E800140050189860124801629860852000800080002008e7E
3|app-3021                                                | 2026-03-04 14:27:14.133 Server Response Hex : 7E800140050189860124801629860852000800080002008E7E
3|app-3021                                                | 2026-03-04 14:28:26.591 Device is Send Data : 7E0102403B01898601248016298608520000173330303034305F30325F4A5436303031404A54363030313836323232313038363033323231354544303252455A3439304A5453323037563030313A7E
3|app-3021                                                | 2026-03-04 14:28:26.591 Server Response : 7E800140050189860124801629860852000000000102008f7E
3|app-3021                                                | 2026-03-04 14:28:26.591 Server Response Hex : 7E800140050189860124801629860852000000000102008F7E
3|app-3021                                                | 2026-03-04 14:28:27.593 Device is Send Data : 7E00024000018986012480162986085200010B7E
3|app-3021                                                | 2026-03-04 14:28:27.593 Server Response : 7E800140050189860124801629860852000100010002008e7E
3|app-3021                                                | 2026-03-04 14:28:27.593 Server Response Hex : 7E800140050189860124801629860852000100010002008E7E
3|app-3021                                                | 2026-03-04 14:28:27.681 Device is Send Data : 7E0200406301898601248016298608520002000000000000000C02FACA6201312D0000000000000026030407280801040000001830011F310100EB29000C00B2898601248016298608520006002D00003468001100D5383632323231303836303332323135EC0EEC0C000A0110AB56346800000000257E
3|app-3021                                                | 2026-03-04 14:28:27.716 Server Response : 7E0200406301898601248016298608520002000000000000000C02FACA6201312D0000000000000026030407280801040000001830011F310100EB29000C00B2898601248016298608520006002D00003468001100D5383632323231303836303332323135EC0EEC0C000A0110AB56346800000000257E Device send wrong protocol format.
3|app-3021                                                | 2026-03-04 14:28:57.803 Device is Send Data : 7E0200406301898601248016298608520003000000000000000C02FACA6201312D0000000000000026030407283801040000001830011F310100EB29000C00B2898601248016298608520006002D00003468001100D5383632323231303836303332323135EC0EEC0C000A0110AB56346800000000147E
3|app-3021                                                | 2026-03-04 14:28:57.836 Server Response : 7E0200406301898601248016298608520003000000000000000C02FACA6201312D0000000000000026030407283801040000001830011F310100EB29000C00B2898601248016298608520006002D00003468001100D5383632323231303836303332323135EC0EEC0C000A0110AB56346800000000147E Device send wrong protocol format.
3|app-3021                                                | 2026-03-04 14:29:28.362 Device is Send Data : 7E0200406301898601248016298608520004000000000000000C02FACA6201312D0000000000000026030407290901040000001830011F310100EB29000C00B2898601248016298608520006002D00003468001100D5383632323231303836303332323135EC0EEC0C000A0110AB56346800000000237E
3|app-3021                                                | 2026-03-04 14:29:28.397 Server Response : 7E0200406301898601248016298608520004000000000000000C02FACA6201312D0000000000000026030407290901040000001830011F310100EB29000C00B2898601248016298608520006002D00003468001100D5383632323231303836303332323135EC0EEC0C000A0110AB56346800000000237E Device send wrong protocol format.
3|app-3021                                                | 2026-03-04 14:29:58.990 Device is Send Data : 7E0200406301898601248016298608520005000000000000000C02FACA6201312D0000000000000026030407294001040000001830011F310100EB29000C00B2898601248016298608520006002D00003468001100D5383632323231303836303332323135EC0EEC0C000A0110AB563468000000006B7E
3|app-3021                                                | 2026-03-04 14:29:59.026 Server Response : 7E0200406301898601248016298608520005000000000000000C02FACA6201312D0000000000000026030407294001040000001830011F310100EB29000C00B2898601248016298608520006002D00003468001100D5383632323231303836303332323135EC0EEC0C000A0110AB563468000000006B7E Device send wrong protocol format.
3|app-3021                                                | 2026-03-04 14:31:33.182 Device is Send Data : 7E0102403B01898601248016298608520000173330303034305F30325F4A5436303031404A54363030313836323232313038363033323231354544303252455A3439304A5453323037563030313A7E
3|app-3021                                                | 2026-03-04 14:31:33.182 Server Response : 7E800140050189860124801629860852000000000102008f7E
3|app-3021                                                | 2026-03-04 14:31:33.182 Server Response Hex : 7E800140050189860124801629860852000000000102008F7E
3|app-3021                                                | 2026-03-04 14:31:34.182 Device is Send Data : 7E00024000018986012480162986085200010B7E
3|app-3021                                                | 2026-03-04 14:31:34.182 Server Response : 7E800140050189860124801629860852000100010002008e7E
3|app-3021                                                | 2026-03-04 14:31:34.183 Server Response Hex : 7E800140050189860124801629860852000100010002008E7E
3|app-3021                                                | 2026-03-04 14:31:34.305 Device is Send Data : 7E0200406801898601248016298608520002000000000000000C02FACA6201312D00000000000000260304073114010400000018300117310100EB29000C00B2898601248016298608520006002D0000348E001100D5383632323231303836303332323135EC13EC11000F0110000006002D3256348E00000000947E
3|app-3021                                                | 2026-03-04 14:31:34.373 Server Response : 7E0200406801898601248016298608520002000000000000000C02FACA6201312D00000000000000260304073114010400000018300117310100EB29000C00B2898601248016298608520006002D0000348E001100D5383632323231303836303332323135EC13EC11000F0110000006002D3256348E00000000947E Device send wrong protocol format.
3|app-3021                                                | 2026-03-04 14:32:04.436 Device is Send Data : 7E0200406801898601248016298608520003000000000000000C02FACA6201312D00000000000000260304073145010400000018300117310100EB29000C00B2898601248016298608520006002D0000348E001100D5383632323231303836303332323135EC13EC11000F0110000006002D3256348E00000000C47E
3|app-3021                                                | 2026-03-04 14:32:04.505 Server Response : 7E0200406801898601248016298608520003000000000000000C02FACA6201312D00000000000000260304073145010400000018300117310100EB29000C00B2898601248016298608520006002D0000348E001100D5383632323231303836303332323135EC13EC11000F0110000006002D3256348E00000000C47E Device send wrong protocol format.
3|app-3021                                                | 2026-03-04 14:32:35.000 Device is Send Data : 7E0200406801898601248016298608520004000000000000000C02FACA6201312D0000000000000026030407321501040000001830011F310100EB29000C00B2898601248016298608520006002D0000348E001100D5383632323231303836303332323135EC13EC11000F0110000006002D3256348E00000000987E
3|app-3021                                                | 2026-03-04 14:32:35.034 Server Response : 7E0200406801898601248016298608520004000000000000000C02FACA6201312D0000000000000026030407321501040000001830011F310100EB29000C00B2898601248016298608520006002D0000348E001100D5383632323231303836303332323135EC13EC11000F0110000006002D3256348E00000000987E Device send wrong protocol format.
3|app-3021                                                | 2026-03-04 14:33:05.662 Device is Send Data : 7E0200406801898601248016298608520005000000000000000C02FACA6201312D0000000000000026030407324601040000001830011F310100EB29000C00B2898601248016298608520006002D0000348E001100D5383632323231303836303332323135EC13EC11000F0110000006002D3256348E00000000CA7E
3|app-3021                                                | 2026-03-04 14:33:05.730 Server Response : 7E0200406801898601248016298608520005000000000000000C02FACA6201312D0000000000000026030407324601040000001830011F310100EB29000C00B2898601248016298608520006002D0000348E001100D5383632323231303836303332323135EC13EC11000F0110000006002D3256348E00000000CA7E Device send wrong protocol format.
3|app-3021                                                | 2026-03-04 14:34:38.309 Device is Send Data : 7E0102403B01898601248016298608520000173330303034305F30325F4A5436303031404A54363030313836323232313038363033323231354544303252455A3439304A5453323037563030313A7E
3|app-3021                                                | 2026-03-04 14:34:38.309 Server Response : 7E800140050189860124801629860852000000000102008f7E
3|app-3021                                                | 2026-03-04 14:34:38.309 Server Response Hex : 7E800140050189860124801629860852000000000102008F7E
3|app-3021                                                | 2026-03-04 14:34:39.309 Device is Send Data : 7E00024000018986012480162986085200010B7E
3|app-3021                                                | 2026-03-04 14:34:39.309 Server Response : 7E800140050189860124801629860852000100010002008e7E
3|app-3021                                                | 2026-03-04 14:34:39.309 Server Response Hex : 7E800140050189860124801629860852000100010002008E7E
3|app-3021                                                | 2026-03-04 14:34:39.399 Device is Send Data : 7E0200406801898601248016298608520002000000000000000C02FACA6201312D0000000000000026030407341901040000001830011F310100EB29000C00B2898601248016298608520006002D00003468001100D5383632323231303836303332323135EC13EC11000F0110000006002D3256346800000000947E
3|app-3021                                                | 2026-03-04 14:34:39.432 Server Response : 7E0200406801898601248016298608520002000000000000000C02FACA6201312D0000000000000026030407341901040000001830011F310100EB29000C00B2898601248016298608520006002D00003468001100D5383632323231303836303332323135EC13EC11000F0110000006002D3256346800000000947E Device send wrong protocol format.
3|app-3021                                                | 2026-03-04 14:35:09.640 Device is Send Data : 7E0200406801898601248016298608520003000000000000000C02FACA6201312D0000000000000026030407345001040000001830011F310100EB29000C00B2898601248016298608520006002D0000348E001100D5383632323231303836303332323135EC13EC11000F0110000006002D3256348E00000000DC7E
3|app-3021                                                | 2026-03-04 14:35:09.675 Server Response : 7E0200406801898601248016298608520003000000000000000C02FACA6201312D0000000000000026030407345001040000001830011F310100EB29000C00B2898601248016298608520006002D0000348E001100D5383632323231303836303332323135EC13EC11000F0110000006002D3256348E00000000DC7E Device send wrong protocol format.
3|app-3021                                                | 2026-03-04 14:35:40.259 Device is Send Data : 7E0200406801898601248016298608520004000000000000000C02FACA6201312D0000000000000026030407352001040000001830011F310100EB29000C00B2898601248016298608520006002D0000348E001100D5383632323231303836303332323135EC13EC11000F0110000006002D3256348E00000000AA7E
3|app-3021                                                | 2026-03-04 14:35:40.277 Server Response : 7E0200406801898601248016298608520004000000000000000C02FACA6201312D0000000000000026030407352001040000001830011F310100EB29000C00B2898601248016298608520006002D0000348E001100D5383632323231303836303332323135EC13EC11000F0110000006002D3256348E00000000AA7E Device send wrong protocol format.
3|app-3021                                                | 2026-03-04 14:36:10.829 Device is Send Data : 7E0200406801898601248016298608520005000000000000000C02FACA6201312D0000000000000026030407355101040000001830011F310100EB29000C00B2898601248016298608520006002D0000348E001100D5383632323231303836303332323135EC13EC11000F0110000006002D3256348E00000000DA7E
3|app-3021                                                | 2026-03-04 14:36:10.861 Server Response : 7E0200406801898601248016298608520005000000000000000C02FACA6201312D0000000000000026030407355101040000001830011F310100EB29000C00B2898601248016298608520006002D0000348E001100D5383632323231303836303332323135EC13EC11000F0110000006002D3256348E00000000DA7E Device send wrong protocol format.
3|app-3021                                                | 2026-03-04 14:36:41.868 Device is Send Data : 7E0200406801898601248016298608520006000000000000000C02FACA6201312D0000000000000026030407362201040000001830011F310100EB29000C00B2898601248016298608520006002D0000348E001100D5383632323231303836303332323135EC13EC11000F0110000006002D3256348E00000000A97E
3|app-3021                                                | 2026-03-04 14:36:41.904 Server Response : 7E0200406801898601248016298608520006000000000000000C02FACA6201312D0000000000000026030407362201040000001830011F310100EB29000C00B2898601248016298608520006002D0000348E001100D5383632323231303836303332323135EC13EC11000F0110000006002D3256348E00000000A97E Device send wrong protocol format.
3|app-3021                                                | 2026-03-04 14:36:56.915 Device is Send Data : 7E0102403B01898601248016298608520007173330303034305F30325F4A5436303031404A54363030313836323232313038363033323231354544303252455A3439304A5453323037563030313D7E
3|app-3021                                                | 2026-03-04 14:36:56.915 Server Response : 7E800140050189860124801629860852000700070102008f7E
3|app-3021                                                | 2026-03-04 14:36:56.915 Server Response Hex : 7E800140050189860124801629860852000700070102008F7E
3|app-3021                                                | 2026-03-04 14:36:57.915 Device is Send Data : 7E0002400001898601248016298608520008027E
3|app-3021                                                | 2026-03-04 14:36:57.915 Server Response : 7E800140050189860124801629860852000800080002008e7E
3|app-3021                                                | 2026-03-04 14:36:57.915 Server Response Hex : 7E800140050189860124801629860852000800080002008E7E
3|app-3021                                                | 2026-03-04 14:37:13.584 Device is Send Data : 7E0200406801898601248016298608520009000000000000000C02FACA6201312D0000000000000026030407365301040000001830011F310100EB29000C00B2898601248016298608520006002D0000348E001100D5383632323231303836303332323135EC13EC11000F0110000006002D3256348E00000000D77E
3|app-3021                                                | 2026-03-04 14:37:13.618 Server Response : 7E0200406801898601248016298608520009000000000000000C02FACA6201312D0000000000000026030407365301040000001830011F310100EB29000C00B2898601248016298608520006002D0000348E001100D5383632323231303836303332323135EC13EC11000F0110000006002D3256348E00000000D77E Device send wrong protocol format.
3|app-3021                                                | 2026-03-04 14:37:43.189 Device is Send Data : 7E020040680189860124801629860852000A000000000000000C02FACA6201312D0000000000000026030407372301040000001830011F310100EB29000C00B2898601248016298608520006002D0000348E001100D5383632323231303836303332323135EC13EC11000F0110000006002D3256348E00000000A57E
3|app-3021                                                | 2026-03-04 14:37:43.223 Server Response : 7E020040680189860124801629860852000A000000000000000C02FACA6201312D0000000000000026030407372301040000001830011F310100EB29000C00B2898601248016298608520006002D0000348E001100D5383632323231303836303332323135EC13EC11000F0110000006002D3256348E00000000A57E Device send wrong protocol format.
3|app-3021                                                | 2026-03-04 14:38:13.884 Device is Send Data : 7E020040680189860124801629860852000B000000000000000C02FACA6201312D0000000000000026030407375301040000001830011F310100EB29000C00B2898601248016298608520006002D0000348E001100D5383632323231303836303332323135EC13EC11000F0110000006002D3256348E00000000D47E
3|app-3021                                                | 2026-03-04 14:38:13.921 Server Response : 7E020040680189860124801629860852000B000000000000000C02FACA6201312D0000000000000026030407375301040000001830011F310100EB29000C00B2898601248016298608520006002D0000348E001100D5383632323231303836303332323135EC13EC11000F0110000006002D3256348E00000000D47E Device send wrong protocol format.
3|app-3021                                                | 2026-03-04 14:38:44.435 Device is Send Data : 7E020040680189860124801629860852000C000000000000000C02FACA6201312D0000000000000026030407382401040000001830011F310100EB29000C00B2898601248016298608520006002D0000348E001100D5383632323231303836303332323135EC13EC11000F0110000006002D3256348E00000000AB7E
3|app-3021                                                | 2026-03-04 14:38:44.505 Server Response : 7E020040680189860124801629860852000C000000000000000C02FACA6201312D0000000000000026030407382401040000001830011F310100EB29000C00B2898601248016298608520006002D0000348E001100D5383632323231303836303332323135EC13EC11000F0110000006002D3256348E00000000AB7E Device send wrong protocol format.
3|app-3021                                                | 2026-03-04 14:39:15.041 Device is Send Data : 7E020040680189860124801629860852000D000000000000000C02FACA6201312D0000000000000026030407385401040000001830011F310100EB29000C00B2898601248016298608520006002D0000348E001100D5383632323231303836303332323135EC13EC11000F0110000006002D3256348E00000000DA7E
3|app-3021                                                | 2026-03-04 14:39:15.113 Server Response : 7E020040680189860124801629860852000D000000000000000C02FACA6201312D0000000000000026030407385401040000001830011F310100EB29000C00B2898601248016298608520006002D0000348E001100D5383632323231303836303332323135EC13EC11000F0110000006002D3256348E00000000DA7E Device send wrong protocol format.
3|app-3021                                                | 2026-03-04 14:39:29.551 Device is Send Data : 7E0102403B0189860124801629860852000E173330303034305F30325F4A5436303031404A54363030313836323232313038363033323231354544303252455A3439304A545332303756303031347E
3|app-3021                                                | 2026-03-04 14:39:29.552 Server Response : 7E800140050189860124801629860852000E000E0102008f7E
3|app-3021                                                | 2026-03-04 14:39:29.552 Server Response Hex : 7E800140050189860124801629860852000E000E0102008F7E
3|app-3021                                                | 2026-03-04 14:39:30.560 Device is Send Data : 7E000240000189860124801629860852000F057E
3|app-3021                                                | 2026-03-04 14:39:30.560 Server Response : 7E800140050189860124801629860852000F000F0002008e7E
3|app-3021                                                | 2026-03-04 14:39:30.560 Server Response Hex : 7E800140050189860124801629860852000F000F0002008E7E
3|app-3021                                                | 2026-03-04 14:40:49.309 Device is Send Data : 7E0102403B01898601248016298608520000173330303034305F30325F4A5436303031404A54363030313836323232313038363033323231354544303252455A3439304A5453323037563030313A7E
3|app-3021                                                | 2026-03-04 14:40:49.310 Server Response : 7E800140050189860124801629860852000000000102008f7E
3|app-3021                                                | 2026-03-04 14:40:49.310 Server Response Hex : 7E800140050189860124801629860852000000000102008F7E
3|app-3021                                                | 2026-03-04 14:40:50.309 Device is Send Data : 7E00024000018986012480162986085200010B7E
3|app-3021                                                | 2026-03-04 14:40:50.310 Server Response : 7E800140050189860124801629860852000100010002008e7E
3|app-3021                                                | 2026-03-04 14:40:50.311 Server Response Hex : 7E800140050189860124801629860852000100010002008E7E
3|app-3021                                                | 2026-03-04 14:40:50.399 Device is Send Data : 7E0200406501898601248016298608520002000000000000000C02FACA6201312D0000000000000026030407402901040000001830011F310100EB29000C00B2898601248016298608520006002D0000348E001100D5383632323231303836303332323135EC10EC0E000C01100056348E000000000000DB7E
3|app-3021                                                | 2026-03-04 14:40:50.467 Server Response : 7E0200406501898601248016298608520002000000000000000C02FACA6201312D0000000000000026030407402901040000001830011F310100EB29000C00B2898601248016298608520006002D0000348E001100D5383632323231303836303332323135EC10EC0E000C01100056348E000000000000DB7E Device send wrong protocol format.
3|app-3021                                                | 2026-03-04 14:41:20.562 Device is Send Data : 7E0200406501898601248016298608520003000000000000000C02FACA6201312D0000000000000026030407410001040000001830011F310100EB29000C00B2898601248016298608520006002D0000348E001100D5383632323231303836303332323135EC10EC0E000C01100056348E000000000000F27E
3|app-3021                                                | 2026-03-04 14:41:20.633 Server Response : 7E0200406501898601248016298608520003000000000000000C02FACA6201312D0000000000000026030407410001040000001830011F310100EB29000C00B2898601248016298608520006002D0000348E001100D5383632323231303836303332323135EC10EC0E000C01100056348E000000000000F27E Device send wrong protocol format.
3|app-3021                                                | 2026-03-04 14:41:51.167 Device is Send Data : 7E0200406501898601248016298608520004000000000000000C02FACA6201312D0000000000000026030407413001040000001830011F310100EB29000C00B2898601248016298608520006002D0000348E001100D5383632323231303836303332323135EC10EC0E000C01100056348E000000000000C57E
3|app-3021                                                | 2026-03-04 14:41:51.238 Server Response : 7E0200406501898601248016298608520004000000000000000C02FACA6201312D0000000000000026030407413001040000001830011F310100EB29000C00B2898601248016298608520006002D0000348E001100D5383632323231303836303332323135EC10EC0E000C01100056348E000000000000C57E Device send wrong protocol format.
3|app-3021                                                | 2026-03-04 14:42:21.810 Device is Send Data : 7E0200406501898601248016298608520005000000000000000C02FACA6201312D0000000000000026030407420101040000001830011F310100EB29000C00B2898601248016298608520006002D0000348E001100D5383632323231303836303332323135EC10EC0E000C01100056348E000000000000F67E
3|app-3021                                                | 2026-03-04 14:42:21.881 Server Response : 7E0200406501898601248016298608520005000000000000000C02FACA6201312D0000000000000026030407420101040000001830011F310100EB29000C00B2898601248016298608520006002D0000348E001100D5383632323231303836303332323135EC10EC0E000C01100056348E000000000000F67E Device send wrong protocol format.
3|app-3021                                                | 2026-03-04 14:42:52.843 Device is Send Data : 7E0200406501898601248016298608520006000000000000000C02FACA6201312D0000000000000026030407423201040000001830011F310100EB29000C00B2898601248016298608520006002D0000348E001100D5383632323231303836303332323135EC10EC0E000C01100056348E000000000000C67E
3|app-3021                                                | 2026-03-04 14:42:52.915 Server Response : 7E0200406501898601248016298608520006000000000000000C02FACA6201312D0000000000000026030407423201040000001830011F310100EB29000C00B2898601248016298608520006002D0000348E001100D5383632323231303836303332323135EC10EC0E000C01100056348E000000000000C67E Device send wrong protocol format.
3|app-3021                                                | 2026-03-04 14:43:07.922 Device is Send Data : 7E0102403B01898601248016298608520007173330303034305F30325F4A5436303031404A54363030313836323232313038363033323231354544303252455A3439304A5453323037563030313D7E
3|app-3021                                                | 2026-03-04 14:43:07.924 Server Response : 7E800140050189860124801629860852000700070102008f7E
3|app-3021                                                | 2026-03-04 14:43:07.924 Server Response Hex : 7E800140050189860124801629860852000700070102008F7E
3|app-3021                                                | 2026-03-04 14:43:08.922 Device is Send Data : 7E0002400001898601248016298608520008027E
3|app-3021                                                | 2026-03-04 14:43:08.922 Server Response : 7E800140050189860124801629860852000800080002008e7E
3|app-3021                                                | 2026-03-04 14:43:08.922 Server Response Hex : 7E800140050189860124801629860852000800080002008E7E
3|app-3021                                                | 2026-03-04 14:43:24.596 Device is Send Data : 7E0200406501898601248016298608520009000000000000000C02FACA6201312D0000000000000026030407430301040000001830011F310100EB29000C00B2898601248016298608520006002D0000348E001100D5383632323231303836303332323135EC10EC0E000C01100056348E000000000000F97E
3|app-3021                                                | 2026-03-04 14:43:24.663 Server Response : 7E0200406501898601248016298608520009000000000000000C02FACA6201312D0000000000000026030407430301040000001830011F310100EB29000C00B2898601248016298608520006002D0000348E001100D5383632323231303836303332323135EC10EC0E000C01100056348E000000000000F97E Device send wrong protocol format.
3|app-3021                                                | 2026-03-04 14:44:53.180 Device is Send Data : 7E0102403B01898601248016298608520000173330303034305F30325F4A5436303031404A54363030313836323232313038363033323231354544303252455A3439304A5453323037563030313A7E
3|app-3021                                                | 2026-03-04 14:44:53.184 Server Response : 7E800140050189860124801629860852000000000102008f7E
3|app-3021                                                | 2026-03-04 14:44:53.186 Server Response Hex : 7E800140050189860124801629860852000000000102008F7E
3|app-3021                                                | 2026-03-04 14:44:54.190 Device is Send Data : 7E00024000018986012480162986085200010B7E
3|app-3021                                                | 2026-03-04 14:44:54.190 Server Response : 7E800140050189860124801629860852000100010002008e7E
3|app-3021                                                | 2026-03-04 14:44:54.190 Server Response Hex : 7E800140050189860124801629860852000100010002008E7E
3|app-3021                                                | 2026-03-04 14:44:54.270 Device is Send Data : 7E0200406A01898601248016298608520002000000000000000C02FACA6201312D0000000000000026030407443201040000001830011F310100EB29000C00B2898601248016298608520006002D00003468001100D5383632323231303836303332323135EC15EC1300110110000006002D32563468000000000000D77E
3|app-3021                                                | 2026-03-04 14:44:54.342 Server Response : 7E0200406A01898601248016298608520002000000000000000C02FACA6201312D0000000000000026030407443201040000001830011F310100EB29000C00B2898601248016298608520006002D00003468001100D5383632323231303836303332323135EC15EC1300110110000006002D32563468000000000000D77E Device send wrong protocol format.
3|app-3021                                                | 2026-03-04 14:45:24.548 Device is Send Data : 7E0200406A01898601248016298608520003000000000000000C02FACA6201312D0000000000000026030407450301040000001830011F310100EB29000C00B2898601248016298608520006002D00003468001100D5383632323231303836303332323135EC15EC1300110110000006002D32563468000000000000E67E
3|app-3021                                                | 2026-03-04 14:45:24.669 Server Response : 7E0200406A01898601248016298608520003000000000000000C02FACA6201312D0000000000000026030407450301040000001830011F310100EB29000C00B2898601248016298608520006002D00003468001100D5383632323231303836303332323135EC15EC1300110110000006002D32563468000000000000E67E Device send wrong protocol format.
3|app-3021                                                | 2026-03-04 14:45:55.119 Device is Send Data : 7E0200406A01898601248016298608520004000000000000000C02FACA6201312D0000000000000026030407453301040000001830011F310100EB29000C00B2898601248016298608520006002D00003468001100D5383632323231303836303332323135EC15EC1300110110000006002D32563468000000000000D17E
3|app-3021                                                | 2026-03-04 14:45:55.176 Server Response : 7E0200406A01898601248016298608520004000000000000000C02FACA6201312D0000000000000026030407453301040000001830011F310100EB29000C00B2898601248016298608520006002D00003468001100D5383632323231303836303332323135EC15EC1300110110000006002D32563468000000000000D17E Device send wrong protocol format.
3|app-3021                                                | 2026-03-04 14:46:25.686 Device is Send Data : 7E0200406A01898601248016298608520005000000000000000C02FACA6201312D0000000000000026030407460401040000001830011F310100EB29000C00B2898601248016298608520006002D00003468001100D5383632323231303836303332323135EC15EC1300110110000006002D32563468000000000000E47E
3|app-3021                                                | 2026-03-04 14:46:25.759 Server Response : 7E0200406A01898601248016298608520005000000000000000C02FACA6201312D0000000000000026030407460401040000001830011F310100EB29000C00B2898601248016298608520006002D00003468001100D5383632323231303836303332323135EC15EC1300110110000006002D32563468000000000000E47E Device send wrong protocol format.
3|app-3021                                                | 2026-03-04 14:46:56.717 Device is Send Data : 7E0200406A01898601248016298608520006000000000000000C02FACA6201312D0000000000000026030407463501040000001830011F310100EB29000C00B2898601248016298608520006002D00003468001100D5383632323231303836303332323135EC15EC1300110110000006002D32563468000000000000D67E
3|app-3021                                                | 2026-03-04 14:46:56.751 Server Response : 7E0200406A01898601248016298608520006000000000000000C02FACA6201312D0000000000000026030407463501040000001830011F310100EB29000C00B2898601248016298608520006002D00003468001100D5383632323231303836303332323135EC15EC1300110110000006002D32563468000000000000D67E Device send wrong protocol format.
3|app-3021                                                | 2026-03-04 14:47:11.792 Device is Send Data : 7E0102403B01898601248016298608520007173330303034305F30325F4A5436303031404A54363030313836323232313038363033323231354544303252455A3439304A5453323037563030313D7E
3|app-3021                                                | 2026-03-04 14:47:11.792 Server Response : 7E800140050189860124801629860852000700070102008f7E
3|app-3021                                                | 2026-03-04 14:47:11.793 Server Response Hex : 7E800140050189860124801629860852000700070102008F7E
3|app-3021                                                | 2026-03-04 14:47:12.792 Device is Send Data : 7E0002400001898601248016298608520008027E
3|app-3021                                                | 2026-03-04 14:47:12.792 Server Response : 7E800140050189860124801629860852000800080002008e7E
3|app-3021                                                | 2026-03-04 14:47:12.792 Server Response Hex : 7E800140050189860124801629860852000800080002008E7E
3|app-3021                                                | 2026-03-04 14:47:28.472 Device is Send Data : 7E0200406A01898601248016298608520009000000000000000C02FACA6201312D0000000000000026030407470601040000001830011F310100EB29000C00B2898601248016298608520006002D00003468001100D5383632323231303836303332323135EC15EC1300110110000006002D32563468000000000000EB7E
3|app-3021                                                | 2026-03-04 14:47:28.507 Server Response : 7E0200406A01898601248016298608520009000000000000000C02FACA6201312D0000000000000026030407470601040000001830011F310100EB29000C00B2898601248016298608520006002D00003468001100D5383632323231303836303332323135EC15EC1300110110000006002D32563468000000000000EB7E Device send wrong protocol format.
3|app-3021                                                | 2026-03-04 14:48:59.436 Device is Send Data : 7E0102403B01898601248016298608520000173330303034305F30325F4A5436303031404A54363030313836323232313038363033323231354544303252455A3439304A5453323037563030313A7E
3|app-3021                                                | 2026-03-04 14:48:59.439 Server Response : 7E800140050189860124801629860852000000000102008f7E
3|app-3021                                                | 2026-03-04 14:48:59.439 Server Response Hex : 7E800140050189860124801629860852000000000102008F7E
3|app-3021                                                | 2026-03-04 14:49:00.436 Device is Send Data : 7E00024000018986012480162986085200010B7E
3|app-3021                                                | 2026-03-04 14:49:00.436 Server Response : 7E800140050189860124801629860852000100010002008e7E
3|app-3021                                                | 2026-03-04 14:49:00.436 Server Response Hex : 7E800140050189860124801629860852000100010002008E7E
3|app-3021                                                | 2026-03-04 14:49:00.536 Device is Send Data : 7E0200406A01898601248016298608520002000000000000000C02FACA6201312D0000000000000026030407483801040000001830011F310100EB29000C00B2898601248016298608520006002D00003442001100D5383632323231303836303332323135EC15EC1300110110000006002D32563442000000000000D17E
3|app-3021                                                | 2026-03-04 14:49:00.571 Server Response : 7E0200406A01898601248016298608520002000000000000000C02FACA6201312D0000000000000026030407483801040000001830011F310100EB29000C00B2898601248016298608520006002D00003442001100D5383632323231303836303332323135EC15EC1300110110000006002D32563442000000000000D17E Device send wrong protocol format.
3|app-3021                                                | 2026-03-04 14:49:30.671 Device is Send Data : 7E0200406A01898601248016298608520003000000000000000C02FACA6201312D0000000000000026030407490901040000001830011F310100EB29000C00B2898601248016298608520006002D00003442001100D5383632323231303836303332323135EC15EC1300110110000006002D32563442000000000000E07E
3|app-3021                                                | 2026-03-04 14:49:30.710 Server Response : 7E0200406A01898601248016298608520003000000000000000C02FACA6201312D0000000000000026030407490901040000001830011F310100EB29000C00B2898601248016298608520006002D00003442001100D5383632323231303836303332323135EC15EC1300110110000006002D32563442000000000000E07E Device send wrong protocol format.
3|app-3021                                                | 2026-03-04 14:50:01.487 Device is Send Data : 7E0200406A01898601248016298608520004000000000000000C02FACA6201312D0000000000000026030407493901040000001830011F310100EB29000C00B2898601248016298608520006002D00003442001100D5383632323231303836303332323135EC15EC1300110110000006002D32563442000000000000D77E
3|app-3021                                                | 2026-03-04 14:50:01.507 Server Response : 7E0200406A01898601248016298608520004000000000000000C02FACA6201312D0000000000000026030407493901040000001830011F310100EB29000C00B2898601248016298608520006002D00003442001100D5383632323231303836303332323135EC15EC1300110110000006002D32563442000000000000D77E Device send wrong protocol format.
3|app-3021                                                | 2026-03-04 14:50:31.954 Device is Send Data : 7E0200406A01898601248016298608520005000000000000000C02FACA6201312D0000000000000026030407501001040000001830011F310100EB29000C00B2898601248016298608520006002D00003442001100D5383632323231303836303332323135EC15EC1300110110000006002D32563442000000000000E67E
3|app-3021                                                | 2026-03-04 14:50:32.024 Server Response : 7E0200406A01898601248016298608520005000000000000000C02FACA6201312D0000000000000026030407501001040000001830011F310100EB29000C00B2898601248016298608520006002D00003442001100D5383632323231303836303332323135EC15EC1300110110000006002D32563442000000000000E67E Device send wrong protocol format.
3|app-3021                                                | 2026-03-04 14:51:02.965 Device is Send Data : 7E0200406A01898601248016298608520006000000000000000C02FACA6201312D0000000000000026030407504101040000001830011F310100EB29000C00B2898601248016298608520006002D00003442001100D5383632323231303836303332323135EC15EC1300110110000006002D32563442000000000000B47E
3|app-3021                                                | 2026-03-04 14:51:03.000 Server Response : 7E0200406A01898601248016298608520006000000000000000C02FACA6201312D0000000000000026030407504101040000001830011F310100EB29000C00B2898601248016298608520006002D00003442001100D5383632323231303836303332323135EC15EC1300110110000006002D32563442000000000000B47E Device send wrong protocol format.
3|app-3021                                                | 2026-03-04 14:51:18.039 Device is Send Data : 7E0102403B01898601248016298608520007173330303034305F30325F4A5436303031404A54363030313836323232313038363033323231354544303252455A3439304A5453323037563030313D7E
3|app-3021                                                | 2026-03-04 14:51:18.040 Server Response : 7E800140050189860124801629860852000700070102008f7E
3|app-3021                                                | 2026-03-04 14:51:18.042 Server Response Hex : 7E800140050189860124801629860852000700070102008F7E
3|app-3021                                                | 2026-03-04 14:51:19.046 Device is Send Data : 7E0002400001898601248016298608520008027E
3|app-3021                                                | 2026-03-04 14:51:19.046 Server Response : 7E800140050189860124801629860852000800080002008e7E
3|app-3021                                                | 2026-03-04 14:51:19.046 Server Response Hex : 7E800140050189860124801629860852000800080002008E7E
3|app-3021                                                | 2026-03-04 14:51:34.717 Device is Send Data : 7E0200406A01898601248016298608520009000000000000000C02FACA6201312D0000000000000026030407511201040000001830011F310100EB29000C00B2898601248016298608520006002D00003442001100D5383632323231303836303332323135EC15EC1300110110000006002D32563442000000000000E97E
3|app-3021                                                | 2026-03-04 14:51:34.752 Server Response : 7E0200406A01898601248016298608520009000000000000000C02FACA6201312D0000000000000026030407511201040000001830011F310100EB29000C00B2898601248016298608520006002D00003442001100D5383632323231303836303332323135EC15EC1300110110000006002D32563442000000000000E97E Device send wrong protocol format.
3|app-3021                                                | 2026-03-04 14:52:04.302 Device is Send Data : 7E0200406A0189860124801629860852000A000000000000000C02FACA6201312D0000000000000026030407514201040000001830011F310100EB29000C00B2898601248016298608520006002D00003442001100D5383632323231303836303332323135EC15EC1300110110000006002D32563442000000000000BA7E
3|app-3021                                                | 2026-03-04 14:52:04.336 Server Response : 7E0200406A0189860124801629860852000A000000000000000C02FACA6201312D0000000000000026030407514201040000001830011F310100EB29000C00B2898601248016298608520006002D00003442001100D5383632323231303836303332323135EC15EC1300110110000006002D32563442000000000000BA7E Device send wrong protocol format.
3|app-3021                                                | 2026-03-04 14:52:34.987 Device is Send Data : 7E0200406A0189860124801629860852000B000000000000000C02FACA6201312D0000000000000026030407521201040000001830011F310100EB29000C00B2898601248016298608520006002D00003442001100D5383632323231303836303332323135EC15EC1300110110000006002D32563442000000000000E87E
3|app-3021                                                | 2026-03-04 14:52:35.021 Server Response : 7E0200406A0189860124801629860852000B000000000000000C02FACA6201312D0000000000000026030407521201040000001830011F310100EB29000C00B2898601248016298608520006002D00003442001100D5383632323231303836303332323135EC15EC1300110110000006002D32563442000000000000E87E Device send wrong protocol format.
3|app-3021                                                | 2026-03-04 14:53:05.541 Device is Send Data : 7E0200406A0189860124801629860852000C000000000000000C02FACA6201312D0000000000000026030407524301040000001830011F310100EB29000C00B2898601248016298608520006002D00003442001100D5383632323231303836303332323135EC15EC1300110110000006002D32563442000000000000BE7E
3|app-3021                                                | 2026-03-04 14:53:05.608 Server Response : 7E0200406A0189860124801629860852000C000000000000000C02FACA6201312D0000000000000026030407524301040000001830011F310100EB29000C00B2898601248016298608520006002D00003442001100D5383632323231303836303332323135EC15EC1300110110000006002D32563442000000000000BE7E Device send wrong protocol format.
3|app-3021                                                | 2026-03-04 14:53:35.577 Device is Send Data : 7E0200406A0189860124801629860852000D000000000000000C02FACA6201312D0000000000000026030407531301040000001830011F310100EB29000C00B2898601248016298608520006002D00003442001100D5383632323231303836303332323135EC15EC1300110110000006002D32563442000000000000EE7E
3|app-3021                                                | 2026-03-04 14:53:35.649 Server Response : 7E0200406A0189860124801629860852000D000000000000000C02FACA6201312D0000000000000026030407531301040000001830011F310100EB29000C00B2898601248016298608520006002D00003442001100D5383632323231303836303332323135EC15EC1300110110000006002D32563442000000000000EE7E Device send wrong protocol format.
3|app-3021                                                | 2026-03-04 14:53:50.639 Device is Send Data : 7E0102403B0189860124801629860852000E173330303034305F30325F4A5436303031404A54363030313836323232313038363033323231354544303252455A3439304A545332303756303031347E
3|app-3021                                                | 2026-03-04 14:53:50.644 Server Response : 7E800140050189860124801629860852000E000E0102008f7E
3|app-3021                                                | 2026-03-04 14:53:50.645 Server Response Hex : 7E800140050189860124801629860852000E000E0102008F7E
3|app-3021                                                | 2026-03-04 14:53:51.649 Device is Send Data : 7E000240000189860124801629860852000F057E
3|app-3021                                                | 2026-03-04 14:53:51.650 Server Response : 7E800140050189860124801629860852000F000F0002008e7E
3|app-3021                                                | 2026-03-04 14:53:51.651 Server Response Hex : 7E800140050189860124801629860852000F000F0002008E7E
3|app-3021                                                | 2026-03-04 14:54:05.768 Device is Send Data : 7E0200406A01898601248016298608520010000000000000000C02FACA6201312D0000000000000026030407534401040000001830011F310100EB29000C00B2898601248016298608520006002D00003442001100D5383632323231303836303332323135EC15EC1300110110000006002D32563442000000000000A47E
3|app-3021                                                | 2026-03-04 14:54:05.806 Server Response : 7E0200406A01898601248016298608520010000000000000000C02FACA6201312D0000000000000026030407534401040000001830011F310100EB29000C00B2898601248016298608520006002D00003442001100D5383632323231303836303332323135EC15EC1300110110000006002D32563442000000000000A47E Device send wrong protocol format.
3|app-3021                                                | 2026-03-04 14:54:35.897 Device is Send Data : 7E0200406A01898601248016298608520011000000000000000C02FACA6201312D0000000000000026030407541401040000001830011F310100EB29000C00B2898601248016298608520006002D00003442001100D5383632323231303836303332323135EC15EC1300110110000006002D32563442000000000000F27E
3|app-3021                                                | 2026-03-04 14:54:35.970 Server Response : 7E0200406A01898601248016298608520011000000000000000C02FACA6201312D0000000000000026030407541401040000001830011F310100EB29000C00B2898601248016298608520006002D00003442001100D5383632323231303836303332323135EC15EC1300110110000006002D32563442000000000000F27E Device send wrong protocol format.
3|app-3021                                                | 2026-03-04 14:55:06.596 Device is Send Data : 7E0200406A01898601248016298608520012000000000000000C02FACA6201312D0000000000000026030407544401040000001830011F310100EB29000C00B2898601248016298608520006002D00003442001100D5383632323231303836303332323135EC15EC1300110110000006002D32563442000000000000A17E
3|app-3021                                                | 2026-03-04 14:55:06.667 Server Response : 7E0200406A01898601248016298608520012000000000000000C02FACA6201312D0000000000000026030407544401040000001830011F310100EB29000C00B2898601248016298608520006002D00003442001100D5383632323231303836303332323135EC15EC1300110110000006002D32563442000000000000A17E Device send wrong protocol format.
3|app-3021                                                | 2026-03-04 14:55:37.106 Device is Send Data : 7E0200406A01898601248016298608520013000000000000000C02FACA6201312D0000000000000026030407551501040000001830011F310100EB29000C00B2898601248016298608520006002D00003442001100D5383632323231303836303332323135EC15EC1300110110000006002D32563442000000000000F07E
3|app-3021                                                | 2026-03-04 14:55:37.214 Server Response : 7E0200406A01898601248016298608520013000000000000000C02FACA6201312D0000000000000026030407551501040000001830011F310100EB29000C00B2898601248016298608520006002D00003442001100D5383632323231303836303332323135EC15EC1300110110000006002D32563442000000000000F07E Device send wrong protocol format.
3|app-3021                                                | 2026-03-04 14:56:08.735 Device is Send Data : 7E0200406A01898601248016298608520014000000000000000C02FACA6201312D0000000000000026030407554601040000001830011F310100EB29000C00B2898601248016298608520006002D00003468001100D5383632323231303836303332323135EC15EC1300110110000006002D32563468000000000000A47E
3|app-3021                                                | 2026-03-04 14:56:08.769 Server Response : 7E0200406A01898601248016298608520014000000000000000C02FACA6201312D0000000000000026030407554601040000001830011F310100EB29000C00B2898601248016298608520006002D00003468001100D5383632323231303836303332323135EC15EC1300110110000006002D32563468000000000000A47E Device send wrong protocol format.
3|app-3021                                                | 2026-03-04 14:56:23.149 Device is Send Data : 7E0102403B01898601248016298608520015173330303034305F30325F4A5436303031404A54363030313836323232313038363033323231354544303252455A3439304A5453323037563030312F7E
3|app-3021                                                | 2026-03-04 14:56:23.149 Server Response : 7E800140050189860124801629860852001500150102008f7E
3|app-3021                                                | 2026-03-04 14:56:23.149 Server Response Hex : 7E800140050189860124801629860852001500150102008F7E
3|app-3021                                                | 2026-03-04 14:56:24.159 Device is Send Data : 7E00024000018986012480162986085200161C7E
3|app-3021                                                | 2026-03-04 14:56:24.159 Server Response : 7E800140050189860124801629860852001600160002008e7E
3|app-3021                                                | 2026-03-04 14:56:24.159 Server Response Hex : 7E800140050189860124801629860852001600160002008E7E
3|app-3021                                                | 2026-03-04 14:56:38.376 Device is Send Data : 7E0200406A01898601248016298608520017000000000000000C02FACA6201312D0000000000000026030407561601040000001830011F310100EB29000C00B2898601248016298608520006002D00003442001100D5383632323231303836303332323135EC15EC1300110110000006002D32563442000000000000F47E
3|app-3021                                                | 2026-03-04 14:56:38.411 Server Response : 7E0200406A01898601248016298608520017000000000000000C02FACA6201312D0000000000000026030407561601040000001830011F310100EB29000C00B2898601248016298608520006002D00003442001100D5383632323231303836303332323135EC15EC1300110110000006002D32563442000000000000F47E Device send wrong protocol format.
3|app-3021                                                | 2026-03-04 14:57:09.050 Device is Send Data : 7E0200406A01898601248016298608520018000000000000000C02FACA6201312D0000000000000026030407564601040000001830011F310100EB29000C00B2898601248016298608520006002D00003442001100D5383632323231303836303332323135EC15EC1300110110000006002D32563442000000000000AB7E
3|app-3021                                                | 2026-03-04 14:57:09.085 Server Response : 7E0200406A01898601248016298608520018000000000000000C02FACA6201312D0000000000000026030407564601040000001830011F310100EB29000C00B2898601248016298608520006002D00003442001100D5383632323231303836303332323135EC15EC1300110110000006002D32563442000000000000AB7E Device send wrong protocol format.
3|app-3021                                                | 2026-03-04 14:57:40.080 Device is Send Data : 7E0200406A01898601248016298608520019000000000000000C02FACA6201312D0000000000000026030407571701040000001830011F310100EB29000C00B2898601248016298608520006002D00003442001100D5383632323231303836303332323135EC15EC1300110110000006002D32563442000000000000FA7E
3|app-3021                                                | 2026-03-04 14:57:40.118 Server Response : 7E0200406A01898601248016298608520019000000000000000C02FACA6201312D0000000000000026030407571701040000001830011F310100EB29000C00B2898601248016298608520006002D00003442001100D5383632323231303836303332323135EC15EC1300110110000006002D32563442000000000000FA7E Device send wrong protocol format.
3|app-3021                                                | 2026-03-04 14:58:11.193 Device is Send Data : 7E0200406A0189860124801629860852001A000000000000000C02FACA6201312D0000000000000026030407574901040000001830011F310100EB29000C00B2898601248016298608520006002D00003442001100D5383632323231303836303332323135EC15EC1300110110000006002D32563442000000000000A77E
3|app-3021                                                | 2026-03-04 14:58:11.227 Server Response : 7E0200406A0189860124801629860852001A000000000000000C02FACA6201312D0000000000000026030407574901040000001830011F310100EB29000C00B2898601248016298608520006002D00003442001100D5383632323231303836303332323135EC15EC1300110110000006002D32563442000000000000A77E Device send wrong protocol format.
3|app-3021                                                | 2026-03-04 14:58:41.765 Device is Send Data : 7E0200406A0189860124801629860852001B000000000000000C02FACA6201312D0000000000000026030407582001040000001830011F310100EB29000C00B2898601248016298608520006002D00003442001100D5383632323231303836303332323135EC15EC1300110110000006002D32563442000000000000C07E
3|app-3021                                                | 2026-03-04 14:58:41.798 Server Response : 7E0200406A0189860124801629860852001B000000000000000C02FACA6201312D0000000000000026030407582001040000001830011F310100EB29000C00B2898601248016298608520006002D00003442001100D5383632323231303836303332323135EC15EC1300110110000006002D32563442000000000000C07E Device send wrong protocol format.
3|app-3021                                                | 2026-03-04 14:58:56.721 Device is Send Data : 7E0102403B0189860124801629860852001C173330303034305F30325F4A5436303031404A54363030313836323232313038363033323231354544303252455A3439304A545332303756303031267E
3|app-3021                                                | 2026-03-04 14:58:56.730 Server Response : 7E800140050189860124801629860852001C001C0102008f7E
3|app-3021                                                | 2026-03-04 14:58:56.731 Server Response Hex : 7E800140050189860124801629860852001C001C0102008F7E
3|app-3021                                                | 2026-03-04 14:58:57.761 Device is Send Data : 7E000240000189860124801629860852001D177E
3|app-3021                                                | 2026-03-04 14:58:57.761 Server Response : 7E800140050189860124801629860852001D001D0002008e7E
3|app-3021                                                | 2026-03-04 14:58:57.761 Server Response Hex : 7E800140050189860124801629860852001D001D0002008E7E
3|app-3021                                                | 2026-03-04 14:59:12.519 Device is Send Data : 7E0200406A0189860124801629860852001E000000000000000C02FACA6201312D0000000000000026030407585001040000001830011F310100EB29000C00B2898601248016298608520006002D00003442001100D5383632323231303836303332323135EC15EC1300110110000006002D32563442000000000000B57E
3|app-3021                                                | 2026-03-04 14:59:12.554 Server Response : 7E0200406A0189860124801629860852001E000000000000000C02FACA6201312D0000000000000026030407585001040000001830011F310100EB29000C00B2898601248016298608520006002D00003442001100D5383632323231303836303332323135EC15EC1300110110000006002D32563442000000000000B57E Device send wrong protocol format.